[MASTER] 00:41:38.682 [pool-2-thread-1] WARN  CheapPurityAnalyzer - io.netty.internal.tcnative.SSL was not found in the inheritance tree. Using DEFAULT value for cheap-purity analysis
[MASTER] 00:41:38.690 [pool-2-thread-1] WARN  InheritanceTree - Class not in inheritance graph: io.netty.internal.tcnative.SSL
[MASTER] 00:41:38.691 [pool-2-thread-1] WARN  CheapPurityAnalyzer - io.netty.internal.tcnative.SSL was not found in the inheritance tree. Using DEFAULT value for cheap-purity analysis
[MASTER] 00:41:38.692 [pool-2-thread-1] WARN  CheapPurityAnalyzer - io.netty.internal.tcnative.SSL was not found in the inheritance tree. Using DEFAULT value for cheap-purity analysis
[MASTER] 00:41:38.696 [pool-2-thread-1] WARN  CheapPurityAnalyzer - io.netty.internal.tcnative.SSL was not found in the inheritance tree. Using DEFAULT value for cheap-purity analysis
[MASTER] 00:41:38.697 [pool-2-thread-1] WARN  CheapPurityAnalyzer - io.netty.internal.tcnative.SSL was not found in the inheritance tree. Using DEFAULT value for cheap-purity analysis
[MASTER] 00:41:38.699 [pool-2-thread-1] WARN  CheapPurityAnalyzer - io.netty.internal.tcnative.SSL was not found in the inheritance tree. Using DEFAULT value for cheap-purity analysis
[MASTER] 00:41:40.805 [pool-2-thread-1] WARN  TestSuiteSerialization - Cannot load tests because file does not exist: /Users/Peifeng/Desktop/Study/Topics-in-Software-Engineering/GitLab/evosuite/case_study/async-http-client/client/.evosuite/evosuite-seeds/org.asynchttpclient.netty.ssl.DefaultSslEngineFactory.seed
[MASTER] 00:41:56.616 [pool-2-thread-1] WARN  TestChromosome - Functional mock problem: org.evosuite.ga.ConstructionFailedException: Have no generator for class io.netty.handler.ssl.SslContext canUseFunctionalMocks=true, canBeMocked: false
[MASTER] 00:41:59.561 [pool-2-thread-1] WARN  TestChromosome - Functional mock problem: org.evosuite.ga.ConstructionFailedException: Have no generator for class io.netty.handler.ssl.SslContextBuilder canUseFunctionalMocks=false, canBeMocked: true
