[MASTER] 17:26:27.232 [pool-2-thread-1] WARN  TestSuiteSerialization - Cannot load tests because file does not exist: /Users/Peifeng/Desktop/Study/Topics-in-Software-Engineering/GitLab/evosuite/case_study/async-http-client/client/.evosuite/evosuite-seeds/org.asynchttpclient.DefaultAsyncHttpClient.seed
[MASTER] 17:26:27.397 [pool-2-thread-1] WARN  TimeController - Phase INITIALIZATION lasted too long, 1 seconds more than allowed.
[MASTER] 17:26:36.818 [TEST_EXECUTION_THREAD_0] WARN  TestUsageChecker - class org.asynchttpclient.proxy.ProxyServerSelector$$Lambda$27/1096192778 looks like an anonymous class, ignoring it (although reflection says false) ProxyServerSelector$$Lambda$27/1096192778
[MASTER] 17:26:51.471 [pool-2-thread-1] WARN  TestChromosome - Functional mock problem: org.evosuite.ga.ConstructionFailedException: Failed to add constructor for org.asynchttpclient.BoundRequestBuilder due to org.evosuite.ga.ConstructionFailedException: Max recursion depth reached
[MASTER] 17:26:52.110 [pool-2-thread-1] WARN  TestChromosome - Functional mock problem: org.evosuite.ga.ConstructionFailedException: Failed to add constructor for org.asynchttpclient.proxy.ProxyServer due to org.evosuite.ga.ConstructionFailedException: Failed to add constructor for org.asynchttpclient.webdav.WebDavResponse due to org.evosuite.ga.ConstructionFailedException: Max recursion depth reached
[MASTER] 17:26:53.309 [pool-2-thread-1] WARN  TestChromosome - Functional mock problem: org.evosuite.ga.ConstructionFailedException: Have no generator for org.asynchttpclient.filter.FilterContext<java.lang.Integer> canUseFunctionalMocks=false, canBeMocked: true
[MASTER] 17:26:54.083 [pool-2-thread-1] WARN  TestChromosome - Functional mock problem: org.evosuite.ga.ConstructionFailedException: Failed to add constructor for org.asynchttpclient.DefaultRequest due to org.evosuite.ga.ConstructionFailedException: Have no generator for class org.asynchttpclient.DefaultRequest canUseFunctionalMocks=false, canBeMocked: true
[MASTER] 17:26:54.376 [pool-2-thread-1] WARN  TestChromosome - Functional mock problem: org.evosuite.ga.ConstructionFailedException: Have no generator for class org.asynchttpclient.DefaultAsyncHttpClientConfig canUseFunctionalMocks=false, canBeMocked: true
