[MASTER] 00:47:40.314 [pool-2-thread-1] WARN  TestSuiteSerialization - Cannot load tests because file does not exist: /Users/Peifeng/Desktop/Study/Topics-in-Software-Engineering/GitLab/evosuite/case_study/async-http-client/client/.evosuite/evosuite-seeds/org.asynchttpclient.netty.timeout.ReadTimeoutTimerTask.seed
[MASTER] 00:47:53.890 [pool-2-thread-1] WARN  TestChromosome - Functional mock problem: org.evosuite.ga.ConstructionFailedException: Have no generator for class io.netty.handler.ssl.SslContext canUseFunctionalMocks=true, canBeMocked: false
[MASTER] 00:47:58.148 [pool-2-thread-1] WARN  TestChromosome - Functional mock problem: org.evosuite.ga.ConstructionFailedException: Have no generator for class org.asynchttpclient.netty.channel.ChannelManager canUseFunctionalMocks=false, canBeMocked: true
