[MASTER] 19:15:00.770 [pool-2-thread-1] WARN  TestSuiteSerialization - Cannot load tests because file does not exist: /Users/Peifeng/Desktop/Study/Topics-in-Software-Engineering/GitLab/evosuite/case_study/async-http-client/extras/rxjava/.evosuite/evosuite-seeds/org.asynchttpclient.extras.rxjava.single.ProgressAsyncSingleSubscriberBridge.seed
[MASTER] 19:15:01.116 [pool-2-thread-1] WARN  TimeController - Phase INITIALIZATION lasted too long, 5 seconds more than allowed.
[MASTER] 19:15:25.154 [pool-2-thread-1] WARN  TestChromosome - Functional mock problem: org.evosuite.ga.ConstructionFailedException: Have no generator for class org.evosuite.runtime.mock.java.time.chrono.MockMinguoDate canUseFunctionalMocks=true, canBeMocked: false
[MASTER] 19:15:27.336 [pool-2-thread-1] WARN  TestChromosome - Functional mock problem: org.evosuite.ga.ConstructionFailedException: Have no generator for class org.evosuite.runtime.mock.java.time.chrono.MockHijrahDate canUseFunctionalMocks=true, canBeMocked: false
