[MASTER] 20:32:30.016 [pool-2-thread-1] ERROR ConcreteClassAnalyzer - Problem for com.github.scribejava.httpclient.ahc.OAuthAsyncCompletionHandler. Class not found: com.sun.deploy.uitoolkit.impl.fx.FXPreloader$FXDispatcher
java.lang.NoClassDefFoundError: com/sun/applet2/preloader/Preloader
	at java.lang.ClassLoader.defineClass1(Native Method) ~[na:1.8.0_77]
	at java.lang.ClassLoader.defineClass(ClassLoader.java:763) ~[na:1.8.0_77]
	at java.security.SecureClassLoader.defineClass(SecureClassLoader.java:142) ~[na:1.8.0_77]
	at java.net.URLClassLoader.defineClass(URLClassLoader.java:467) ~[na:1.8.0_77]
	at java.net.URLClassLoader.access$100(URLClassLoader.java:73) ~[na:1.8.0_77]
	at java.net.URLClassLoader$1.run(URLClassLoader.java:368) ~[na:1.8.0_77]
	at java.net.URLClassLoader$1.run(URLClassLoader.java:362) ~[na:1.8.0_77]
	at java.security.AccessController.doPrivileged(Native Method) ~[na:1.8.0_77]
	at java.net.URLClassLoader.findClass(URLClassLoader.java:361) ~[na:1.8.0_77]
	at java.lang.ClassLoader.loadClass(ClassLoader.java:424) ~[na:1.8.0_77]
	at java.lang.ClassLoader.loadClass(ClassLoader.java:357) ~[na:1.8.0_77]
	at java.lang.Class.getDeclaringClass0(Native Method) ~[na:1.8.0_77]
	at java.lang.Class.getDeclaringClass(Class.java:1235) ~[na:1.8.0_77]
	at java.lang.Class.getEnclosingClass(Class.java:1277) ~[na:1.8.0_77]
	at java.lang.Class.getSimpleBinaryName(Class.java:1443) ~[na:1.8.0_77]
	at java.lang.Class.getSimpleName(Class.java:1309) ~[na:1.8.0_77]
	at java.lang.Class.isAnonymousClass(Class.java:1411) ~[na:1.8.0_77]
	at org.evosuite.setup.TestUsageChecker.canUse(TestUsageChecker.java:155) ~[evosuite-1.0.5.jar:1.0.5]
	at org.evosuite.setup.ConcreteClassAnalyzer.getConcreteClassesImpl(ConcreteClassAnalyzer.java:129) [evosuite-1.0.5.jar:1.0.5]
	at org.evosuite.setup.ConcreteClassAnalyzer.getConcreteClasses(ConcreteClassAnalyzer.java:61) [evosuite-1.0.5.jar:1.0.5]
	at org.evosuite.setup.TestClusterGenerator.addDependency(TestClusterGenerator.java:876) [evosuite-1.0.5.jar:1.0.5]
	at org.evosuite.setup.TestClusterGenerator.addDependencies(TestClusterGenerator.java:787) [evosuite-1.0.5.jar:1.0.5]
	at org.evosuite.setup.TestClusterGenerator.addDependencyClass(TestClusterGenerator.java:983) [evosuite-1.0.5.jar:1.0.5]
	at org.evosuite.setup.TestClusterGenerator.resolveDependencies(TestClusterGenerator.java:358) [evosuite-1.0.5.jar:1.0.5]
	at org.evosuite.setup.TestClusterGenerator.generateCluster(TestClusterGenerator.java:137) [evosuite-1.0.5.jar:1.0.5]
	at org.evosuite.setup.DependencyAnalysis.analyze(DependencyAnalysis.java:117) [evosuite-1.0.5.jar:1.0.5]
	at org.evosuite.setup.DependencyAnalysis.analyzeClass(DependencyAnalysis.java:131) [evosuite-1.0.5.jar:1.0.5]
	at org.evosuite.TestSuiteGenerator.initializeTargetClass(TestSuiteGenerator.java:110) [evosuite-1.0.5.jar:1.0.5]
	at org.evosuite.TestSuiteGenerator.generateTestSuite(TestSuiteGenerator.java:130) [evosuite-1.0.5.jar:1.0.5]
	at org.evosuite.rmi.service.ClientNodeImpl$1.run(ClientNodeImpl.java:145) [evosuite-1.0.5.jar:1.0.5]
	at java.util.concurrent.Executors$RunnableAdapter.call(Executors.java:511) [na:1.8.0_77]
	at java.util.concurrent.FutureTask.run(FutureTask.java:266) [na:1.8.0_77]
	at java.util.concurrent.ThreadPoolExecutor.runWorker(ThreadPoolExecutor.java:1142) [na:1.8.0_77]
	at java.util.concurrent.ThreadPoolExecutor$Worker.run(ThreadPoolExecutor.java:617) [na:1.8.0_77]
	at java.lang.Thread.run(Thread.java:745) [na:1.8.0_77]
Caused by: java.lang.ClassNotFoundException: com.sun.applet2.preloader.Preloader
	at java.net.URLClassLoader.findClass(URLClassLoader.java:381) ~[na:1.8.0_77]
	at java.lang.ClassLoader.loadClass(ClassLoader.java:424) ~[na:1.8.0_77]
	at java.lang.ClassLoader.loadClass(ClassLoader.java:357) ~[na:1.8.0_77]
	... 35 common frames omitted
[MASTER] 20:32:30.018 [pool-2-thread-1] ERROR ConcreteClassAnalyzer - Removing class from inheritance tree
[MASTER] 20:32:32.076 [pool-2-thread-1] ERROR TestCluster - Failed to check cache for java.util.AbstractMap<K, V>.SimpleEntry<K, V> : Type points to itself
[MASTER] 20:32:32.077 [pool-2-thread-1] ERROR TestCluster - Failed to check cache for java.util.AbstractMap<K, V>.SimpleImmutableEntry<K, V> : Type points to itself
[MASTER] 20:32:32.094 [pool-2-thread-1] ERROR TestCluster - Failed to check cache for io.netty.channel.CombinedChannelDuplexHandler<I, O> : Type points to itself
[MASTER] 20:32:32.097 [pool-2-thread-1] ERROR TestCluster - Failed to check cache for io.netty.util.concurrent.DefaultProgressivePromise<V> : Type points to itself
[MASTER] 20:32:32.098 [pool-2-thread-1] ERROR TestCluster - Failed to check cache for io.netty.util.concurrent.DefaultPromise<V> : Type points to itself
[MASTER] 20:32:32.100 [pool-2-thread-1] ERROR TestCluster - Failed to check cache for io.netty.util.concurrent.FailedFuture<V> : Type points to itself
[MASTER] 20:32:32.101 [pool-2-thread-1] ERROR TestCluster - Failed to check cache for io.netty.util.concurrent.SucceededFuture<V> : Type points to itself
[MASTER] 20:32:47.493 [pool-2-thread-1] ERROR TestCluster - Failed to check cache for java.util.Comparator<T> : Type points to itself
[MASTER] 20:32:54.307 [pool-2-thread-1] ERROR ClientNodeImpl - Error when generating tests for: com.github.scribejava.httpclient.ahc.OAuthAsyncCompletionHandler with seed 1507865540497. Configuration id : default
java.lang.RuntimeException: not implemented: class sun.reflect.generics.reflectiveObjects.TypeVariableImpl
	at com.googlecode.gentyref.GenericTypeReflector.isSuperType(GenericTypeReflector.java:218) ~[evosuite-1.0.5.jar:1.0.5]
	at com.googlecode.gentyref.GenericTypeReflector.contains(GenericTypeReflector.java:258) ~[evosuite-1.0.5.jar:1.0.5]
	at com.googlecode.gentyref.GenericTypeReflector.isSuperType(GenericTypeReflector.java:199) ~[evosuite-1.0.5.jar:1.0.5]
	at org.evosuite.utils.generic.GenericClass.isGenericSuperTypeOf(GenericClass.java:1363) ~[evosuite-1.0.5.jar:1.0.5]
	at org.evosuite.utils.generic.GenericClass.canBeInstantiatedTo(GenericClass.java:289) ~[evosuite-1.0.5.jar:1.0.5]
	at org.evosuite.setup.TestCluster.cacheGenerators(TestCluster.java:420) ~[evosuite-1.0.5.jar:1.0.5]
	at org.evosuite.setup.TestCluster.hasGenerator(TestCluster.java:1354) ~[evosuite-1.0.5.jar:1.0.5]
	at org.evosuite.testcase.TestFactory.lambda$attemptObjectGeneration$0(TestFactory.java:840) ~[evosuite-1.0.5.jar:1.0.5]
	at java.util.stream.ReferencePipeline$2$1.accept(ReferencePipeline.java:174) ~[na:1.8.0_77]
	at java.util.Iterator.forEachRemaining(Iterator.java:116) ~[na:1.8.0_77]
	at java.util.Spliterators$IteratorSpliterator.forEachRemaining(Spliterators.java:1801) ~[na:1.8.0_77]
	at java.util.stream.AbstractPipeline.copyInto(AbstractPipeline.java:481) ~[na:1.8.0_77]
	at java.util.stream.AbstractPipeline.wrapAndCopyInto(AbstractPipeline.java:471) ~[na:1.8.0_77]
	at java.util.stream.ReduceOps$ReduceOp.evaluateSequential(ReduceOps.java:708) ~[na:1.8.0_77]
	at java.util.stream.AbstractPipeline.evaluate(AbstractPipeline.java:234) ~[na:1.8.0_77]
	at java.util.stream.ReferencePipeline.collect(ReferencePipeline.java:499) ~[na:1.8.0_77]
	at org.evosuite.testcase.TestFactory.attemptObjectGeneration(TestFactory.java:841) ~[evosuite-1.0.5.jar:1.0.5]
	at org.evosuite.testcase.TestFactory.createOrReuseObjectVariable(TestFactory.java:1557) ~[evosuite-1.0.5.jar:1.0.5]
	at org.evosuite.testcase.TestFactory.createOrReuseVariable(TestFactory.java:1320) ~[evosuite-1.0.5.jar:1.0.5]
	at org.evosuite.testcase.TestFactory.satisfyParameters(TestFactory.java:2320) ~[evosuite-1.0.5.jar:1.0.5]
	at org.evosuite.testcase.TestFactory.addMethod(TestFactory.java:531) ~[evosuite-1.0.5.jar:1.0.5]
	at org.evosuite.testcase.TestFactory.addCallFor(TestFactory.java:130) ~[evosuite-1.0.5.jar:1.0.5]
	at org.evosuite.testcase.TestFactory.insertRandomCallOnObjectAt(TestFactory.java:2264) ~[evosuite-1.0.5.jar:1.0.5]
	at org.evosuite.testcase.mutation.RandomInsertion.insertStatement(RandomInsertion.java:128) ~[evosuite-1.0.5.jar:1.0.5]
	at org.evosuite.testcase.TestFactory.insertRandomStatement(TestFactory.java:2276) ~[evosuite-1.0.5.jar:1.0.5]
	at org.evosuite.testcase.factories.RandomLengthTestFactory.getRandomTestCase(RandomLengthTestFactory.java:69) ~[evosuite-1.0.5.jar:1.0.5]
	at org.evosuite.testcase.factories.RandomLengthTestFactory.getChromosome(RandomLengthTestFactory.java:89) ~[evosuite-1.0.5.jar:1.0.5]
	at org.evosuite.testcase.factories.RandomLengthTestFactory.getChromosome(RandomLengthTestFactory.java:40) ~[evosuite-1.0.5.jar:1.0.5]
	at org.evosuite.coverage.archive.ArchiveTestChromosomeFactory.getChromosome(ArchiveTestChromosomeFactory.java:88) ~[evosuite-1.0.5.jar:1.0.5]
	at org.evosuite.coverage.archive.ArchiveTestChromosomeFactory.getChromosome(ArchiveTestChromosomeFactory.java:35) ~[evosuite-1.0.5.jar:1.0.5]
	at org.evosuite.testsuite.AbstractTestSuiteChromosome.mutate(AbstractTestSuiteChromosome.java:219) ~[evosuite-1.0.5.jar:1.0.5]
	at org.evosuite.testsuite.TestSuiteChromosome.mutate(TestSuiteChromosome.java:264) ~[evosuite-1.0.5.jar:1.0.5]
	at org.evosuite.ga.metaheuristics.MonotonicGA.evolve(MonotonicGA.java:125) ~[evosuite-1.0.5.jar:1.0.5]
	at org.evosuite.ga.metaheuristics.MonotonicGA.generateSolution(MonotonicGA.java:245) ~[evosuite-1.0.5.jar:1.0.5]
	at org.evosuite.strategy.WholeTestSuiteStrategy.generateTests(WholeTestSuiteStrategy.java:113) ~[evosuite-1.0.5.jar:1.0.5]
	at org.evosuite.TestSuiteGenerator.generateTests(TestSuiteGenerator.java:653) ~[evosuite-1.0.5.jar:1.0.5]
	at org.evosuite.TestSuiteGenerator.generateTestSuite(TestSuiteGenerator.java:236) ~[evosuite-1.0.5.jar:1.0.5]
	at org.evosuite.rmi.service.ClientNodeImpl$1.run(ClientNodeImpl.java:145) ~[evosuite-1.0.5.jar:1.0.5]
	at java.util.concurrent.Executors$RunnableAdapter.call(Executors.java:511) [na:1.8.0_77]
	at java.util.concurrent.FutureTask.run(FutureTask.java:266) [na:1.8.0_77]
	at java.util.concurrent.ThreadPoolExecutor.runWorker(ThreadPoolExecutor.java:1142) [na:1.8.0_77]
	at java.util.concurrent.ThreadPoolExecutor$Worker.run(ThreadPoolExecutor.java:617) [na:1.8.0_77]
	at java.lang.Thread.run(Thread.java:745) [na:1.8.0_77]
