[MASTER] 19:16:07.016 [TEST_EXECUTION_THREAD_0] ERROR FunctionalMockStatement - Failed to use Mockito on class org.asynchttpclient.BoundRequestBuilder: null
[MASTER] 19:16:07.034 [pool-2-thread-1] ERROR TestCaseExecutor - ExecutionException (this is likely a serious error in the framework)
java.util.concurrent.ExecutionException: org.evosuite.testcase.execution.EvosuiteError: java.lang.ExceptionInInitializerError
	at java.util.concurrent.FutureTask.report(FutureTask.java:122)
	at java.util.concurrent.FutureTask.get(FutureTask.java:206)
	at org.evosuite.testcase.execution.TimeoutHandler.executeWithTimeout(TimeoutHandler.java:107)
	at org.evosuite.testcase.execution.TimeoutHandler.execute(TimeoutHandler.java:96)
	at org.evosuite.testcase.execution.TestCaseExecutor.execute(TestCaseExecutor.java:334)
	at org.evosuite.testcase.execution.TestCaseExecutor.execute(TestCaseExecutor.java:277)
	at org.evosuite.testcase.execution.TestCaseExecutor.execute(TestCaseExecutor.java:264)
	at org.evosuite.testsuite.TestSuiteFitnessFunction.runTest(TestSuiteFitnessFunction.java:63)
	at org.evosuite.testcase.TestChromosome.executeForFitnessFunction(TestChromosome.java:674)
	at org.evosuite.testsuite.TestSuiteFitnessFunction.runTestSuite(TestSuiteFitnessFunction.java:97)
	at org.evosuite.coverage.line.LineCoverageSuiteFitness.getFitness(LineCoverageSuiteFitness.java:154)
	at org.evosuite.coverage.line.LineCoverageSuiteFitness.getFitness(LineCoverageSuiteFitness.java:45)
	at org.evosuite.ga.metaheuristics.MonotonicGA.evolve(MonotonicGA.java:141)
	at org.evosuite.ga.metaheuristics.MonotonicGA.generateSolution(MonotonicGA.java:245)
	at org.evosuite.strategy.WholeTestSuiteStrategy.generateTests(WholeTestSuiteStrategy.java:113)
	at org.evosuite.TestSuiteGenerator.generateTests(TestSuiteGenerator.java:653)
	at org.evosuite.TestSuiteGenerator.generateTestSuite(TestSuiteGenerator.java:236)
	at org.evosuite.rmi.service.ClientNodeImpl$1.run(ClientNodeImpl.java:145)
	at java.util.concurrent.Executors$RunnableAdapter.call(Executors.java:511)
	at java.util.concurrent.FutureTask.run(FutureTask.java:266)
	at java.util.concurrent.ThreadPoolExecutor.runWorker(ThreadPoolExecutor.java:1142)
	at java.util.concurrent.ThreadPoolExecutor$Worker.run(ThreadPoolExecutor.java:617)
	at java.lang.Thread.run(Thread.java:745)
Caused by: org.evosuite.testcase.execution.EvosuiteError: java.lang.ExceptionInInitializerError
	at org.evosuite.testcase.statements.FunctionalMockStatement$1.execute(FunctionalMockStatement.java:732)
	at org.evosuite.testcase.statements.AbstractStatement.exceptionHandler(AbstractStatement.java:169)
	at org.evosuite.testcase.statements.FunctionalMockStatement.execute(FunctionalMockStatement.java:591)
	at org.evosuite.testcase.execution.TestRunnable.executeStatements(TestRunnable.java:307)
	at org.evosuite.testcase.execution.TestRunnable.call(TestRunnable.java:213)
	at org.evosuite.testcase.execution.TestRunnable.call(TestRunnable.java:55)
	... 4 common frames omitted
Caused by: java.lang.ExceptionInInitializerError: null
	at io.netty.util.concurrent.GlobalEventExecutor.<init>(GlobalEventExecutor.java:44)
	at io.netty.util.concurrent.GlobalEventExecutor.<clinit>(GlobalEventExecutor.java)
	at io.netty.util.concurrent.ImmediateEventExecutor.<init>(ImmediateEventExecutor.java:54)
	at io.netty.util.concurrent.ImmediateEventExecutor.<clinit>(ImmediateEventExecutor.java)
	at org.asynchttpclient.RequestBuilderBase.<clinit>(RequestBuilderBase.java)
	at sun.reflect.GeneratedSerializationConstructorAccessor1422.newInstance(Unknown Source)
	at java.lang.reflect.Constructor.newInstance(Constructor.java:423)
	at org.evosuite.shaded.org.objenesis.instantiator.sun.SunReflectionFactoryInstantiator.newInstance(SunReflectionFactoryInstantiator.java:45)
	at org.evosuite.shaded.org.objenesis.ObjenesisBase.newInstance(ObjenesisBase.java:73)
	at org.evosuite.shaded.org.mockito.internal.creation.instance.ObjenesisInstantiator.newInstance(ObjenesisInstantiator.java:14)
	at org.evosuite.shaded.org.mockito.internal.creation.cglib.ClassImposterizer.createProxy(ClassImposterizer.java:143)
	at org.evosuite.shaded.org.mockito.internal.creation.cglib.ClassImposterizer.imposterise(ClassImposterizer.java:58)
	at org.evosuite.shaded.org.mockito.internal.creation.cglib.ClassImposterizer.imposterise(ClassImposterizer.java:49)
	at org.evosuite.shaded.org.mockito.internal.creation.cglib.CglibMockMaker.createMock(CglibMockMaker.java:24)
	at org.evosuite.shaded.org.mockito.internal.util.MockUtil.createMock(MockUtil.java:33)
	at org.evosuite.shaded.org.mockito.internal.MockitoCore.mock(MockitoCore.java:59)
	at org.evosuite.shaded.org.mockito.Mockito.mock(Mockito.java:1284)
	at org.evosuite.testcase.statements.FunctionalMockStatement$1.execute(FunctionalMockStatement.java:606)
	... 9 common frames omitted
Caused by: java.lang.ArrayIndexOutOfBoundsException: 0
	at org.evosuite.runtime.mock.java.lang.MockError.<init>(MockError.java:65)
	at io.netty.util.Signal.<init>(Signal.java:53)
	at io.netty.util.Signal.<init>(Signal.java:23)
	at io.netty.util.Signal$1.newConstant(Signal.java:30)
	at io.netty.util.Signal$1.newConstant(Signal.java:27)
	at io.netty.util.ConstantPool.getOrCreate(ConstantPool.java:71)
	at io.netty.util.ConstantPool.valueOf(ConstantPool.java:60)
	at io.netty.util.ConstantPool.valueOf(ConstantPool.java:47)
	at io.netty.util.Signal.valueOf(Signal.java:45)
	at io.netty.util.concurrent.DefaultPromise.<clinit>(DefaultPromise.java)
	... 27 common frames omitted
[MASTER] 19:16:07.047 [pool-2-thread-1] ERROR ClientNodeImpl - Error when generating tests for: org.asynchttpclient.extras.rxjava.AsyncHttpObservable with seed 1508120141418. Configuration id : default
org.evosuite.testcase.execution.EvosuiteError: java.lang.ExceptionInInitializerError
	at org.evosuite.testcase.statements.FunctionalMockStatement$1.execute(FunctionalMockStatement.java:732)
	at org.evosuite.testcase.statements.AbstractStatement.exceptionHandler(AbstractStatement.java:169)
	at org.evosuite.testcase.statements.FunctionalMockStatement.execute(FunctionalMockStatement.java:591)
	at org.evosuite.testcase.execution.TestRunnable.executeStatements(TestRunnable.java:307)
	at org.evosuite.testcase.execution.TestRunnable.call(TestRunnable.java:213)
	at org.evosuite.testcase.execution.TestRunnable.call(TestRunnable.java:55)
	at java.util.concurrent.FutureTask.run(FutureTask.java:266)
	at java.util.concurrent.ThreadPoolExecutor.runWorker(ThreadPoolExecutor.java:1142)
	at java.util.concurrent.ThreadPoolExecutor$Worker.run(ThreadPoolExecutor.java:617)
	at java.lang.Thread.run(Thread.java:745)
Caused by: java.lang.ExceptionInInitializerError: null
	at io.netty.util.concurrent.GlobalEventExecutor.<init>(GlobalEventExecutor.java:44)
	at io.netty.util.concurrent.GlobalEventExecutor.<clinit>(GlobalEventExecutor.java)
	at io.netty.util.concurrent.ImmediateEventExecutor.<init>(ImmediateEventExecutor.java:54)
	at io.netty.util.concurrent.ImmediateEventExecutor.<clinit>(ImmediateEventExecutor.java)
	at org.asynchttpclient.RequestBuilderBase.<clinit>(RequestBuilderBase.java)
	at sun.reflect.GeneratedSerializationConstructorAccessor1422.newInstance(Unknown Source)
	at java.lang.reflect.Constructor.newInstance(Constructor.java:423)
	at org.evosuite.shaded.org.objenesis.instantiator.sun.SunReflectionFactoryInstantiator.newInstance(SunReflectionFactoryInstantiator.java:45)
	at org.evosuite.shaded.org.objenesis.ObjenesisBase.newInstance(ObjenesisBase.java:73)
	at org.evosuite.shaded.org.mockito.internal.creation.instance.ObjenesisInstantiator.newInstance(ObjenesisInstantiator.java:14)
	at org.evosuite.shaded.org.mockito.internal.creation.cglib.ClassImposterizer.createProxy(ClassImposterizer.java:143)
	at org.evosuite.shaded.org.mockito.internal.creation.cglib.ClassImposterizer.imposterise(ClassImposterizer.java:58)
	at org.evosuite.shaded.org.mockito.internal.creation.cglib.ClassImposterizer.imposterise(ClassImposterizer.java:49)
	at org.evosuite.shaded.org.mockito.internal.creation.cglib.CglibMockMaker.createMock(CglibMockMaker.java:24)
	at org.evosuite.shaded.org.mockito.internal.util.MockUtil.createMock(MockUtil.java:33)
	at org.evosuite.shaded.org.mockito.internal.MockitoCore.mock(MockitoCore.java:59)
	at org.evosuite.shaded.org.mockito.Mockito.mock(Mockito.java:1284)
	at org.evosuite.testcase.statements.FunctionalMockStatement$1.execute(FunctionalMockStatement.java:606)
	... 9 common frames omitted
Caused by: java.lang.ArrayIndexOutOfBoundsException: 0
	at org.evosuite.runtime.mock.java.lang.MockError.<init>(MockError.java:65)
	at io.netty.util.Signal.<init>(Signal.java:53)
	at io.netty.util.Signal.<init>(Signal.java:23)
	at io.netty.util.Signal$1.newConstant(Signal.java:30)
	at io.netty.util.Signal$1.newConstant(Signal.java:27)
	at io.netty.util.ConstantPool.getOrCreate(ConstantPool.java:71)
	at io.netty.util.ConstantPool.valueOf(ConstantPool.java:60)
	at io.netty.util.ConstantPool.valueOf(ConstantPool.java:47)
	at io.netty.util.Signal.valueOf(Signal.java:45)
	at io.netty.util.concurrent.DefaultPromise.<clinit>(DefaultPromise.java)
	... 27 common frames omitted
