[MASTER] 17:59:46.724 [pool-2-thread-1] WARN  TestSuiteSerialization - Cannot load tests because file does not exist: /Users/Peifeng/Desktop/Study/Topics-in-Software-Engineering/GitLab/evosuite/case_study/async-http-client/client/.evosuite/evosuite-seeds/org.asynchttpclient.netty.request.body.NettyInputStreamBody.seed
[MASTER] 17:59:58.217 [pool-2-thread-1] WARN  TestChromosome - Functional mock problem: org.evosuite.ga.ConstructionFailedException: Max recursion depth reached
[MASTER] 17:59:58.594 [pool-2-thread-1] WARN  TestChromosome - Functional mock problem: org.evosuite.ga.ConstructionFailedException: Have no generator for interface io.netty.channel.ChannelProgressivePromise canUseFunctionalMocks=false, canBeMocked: false
[MASTER] 17:59:58.654 [pool-2-thread-1] WARN  TestChromosome - Functional mock problem: org.evosuite.ga.ConstructionFailedException: Have no generator for interface io.netty.channel.ChannelProgressivePromise canUseFunctionalMocks=true, canBeMocked: false
