<?xml version="1.0" encoding="UTF-8" ?>
<testsuite tests="161" failures="0" name="com.github.kevinsawicki.http.HttpRequestTest" time="0.46" errors="0" skipped="0">
  <properties>
[...]
</properties>
  <testcase classname="com.github.kevinsawicki.http.HttpRequestTest" name="getBytes" time="0.15"/>
  <testcase classname="com.github.kevinsawicki.http.HttpRequestTest" name="getParameters" time="0.002"/>
  <testcase classname="com.github.kevinsawicki.http.HttpRequestTest" name="putEmpty" time="0.002"/>
  <testcase classname="com.github.kevinsawicki.http.HttpRequestTest" name="getEmpty" time="0.002"/>
  <testcase classname="com.github.kevinsawicki.http.HttpRequestTest" name="malformedStringUrl" time="0"/>
  <testcase classname="com.github.kevinsawicki.http.HttpRequestTest" name="malformedStringUrlCause" time="0"/>
  <testcase classname="com.github.kevinsawicki.http.HttpRequestTest" name="negativeBufferSize" time="0"/>
  <testcase classname="com.github.kevinsawicki.http.HttpRequestTest" name="getUrlEmpty" time="0.001"/>
  <testcase classname="com.github.kevinsawicki.http.HttpRequestTest" name="getNoContent" time="0.001"/>
  <testcase classname="com.github.kevinsawicki.http.HttpRequestTest" name="getUrlEncodedWithSpace" time="0.004"/>
  <testcase classname="com.github.kevinsawicki.http.HttpRequestTest" name="getUrlEncodedWithUnicode" time="0.001"/>
  <testcase classname="com.github.kevinsawicki.http.HttpRequestTest" name="getUrlEncodedWithPercent" time="0.001"/>
  <testcase classname="com.github.kevinsawicki.http.HttpRequestTest" name="deleteEmpty" time="0.003"/>
  <testcase classname="com.github.kevinsawicki.http.HttpRequestTest" name="deleteUrlEmpty" time="0.001"/>
  <testcase classname="com.github.kevinsawicki.http.HttpRequestTest" name="optionsEmpty" time="0.001"/>
  <testcase classname="com.github.kevinsawicki.http.HttpRequestTest" name="optionsUrlEmpty" time="0.003"/>
  <testcase classname="com.github.kevinsawicki.http.HttpRequestTest" name="headEmpty" time="0.001"/>
  <testcase classname="com.github.kevinsawicki.http.HttpRequestTest" name="headUrlEmpty" time="0.001"/>
  <testcase classname="com.github.kevinsawicki.http.HttpRequestTest" name="putUrlEmpty" time="0.001"/>
  <testcase classname="com.github.kevinsawicki.http.HttpRequestTest" name="traceEmpty" time="0.001"/>
  <testcase classname="com.github.kevinsawicki.http.HttpRequestTest" name="traceUrlEmpty" time="0.001"/>
  <testcase classname="com.github.kevinsawicki.http.HttpRequestTest" name="postEmpty" time="0.001"/>
  <testcase classname="com.github.kevinsawicki.http.HttpRequestTest" name="postUrlEmpty" time="0.001"/>
  <testcase classname="com.github.kevinsawicki.http.HttpRequestTest" name="postNonEmptyString" time="0.015"/>
  <testcase classname="com.github.kevinsawicki.http.HttpRequestTest" name="postNonEmptyFile" time="0.005"/>
  <testcase classname="com.github.kevinsawicki.http.HttpRequestTest" name="postMultipleFiles" time="0.002"/>
  <testcase classname="com.github.kevinsawicki.http.HttpRequestTest" name="postNonEmptyReader" time="0.004"/>
  <testcase classname="com.github.kevinsawicki.http.HttpRequestTest" name="postNonEmptyByteArray" time="0.003"/>
  <testcase classname="com.github.kevinsawicki.http.HttpRequestTest" name="postWithLength" time="0.003"/>
  <testcase classname="com.github.kevinsawicki.http.HttpRequestTest" name="postForm" time="0.002"/>
  <testcase classname="com.github.kevinsawicki.http.HttpRequestTest" name="postFormWithNoCharset" time="0.001"/>
  <testcase classname="com.github.kevinsawicki.http.HttpRequestTest" name="postEmptyForm" time="0.001"/>
  <testcase classname="com.github.kevinsawicki.http.HttpRequestTest" name="chunkPost" time="0.003"/>
  <testcase classname="com.github.kevinsawicki.http.HttpRequestTest" name="getNonEmptyString" time="0.001"/>
  <testcase classname="com.github.kevinsawicki.http.HttpRequestTest" name="getWithResponseCharset" time="0.001"/>
  <testcase classname="com.github.kevinsawicki.http.HttpRequestTest" name="getWithResponseCharsetAsSecondParam" time="0.001"/>
  <testcase classname="com.github.kevinsawicki.http.HttpRequestTest" name="basicAuthentication" time="0.003"/>
  <testcase classname="com.github.kevinsawicki.http.HttpRequestTest" name="basicProxyAuthentication" time="0.061"/>
  <testcase classname="com.github.kevinsawicki.http.HttpRequestTest" name="getReader" time="0.001"/>
  <testcase classname="com.github.kevinsawicki.http.HttpRequestTest" name="sendWithWriter" time="0.001"/>
  <testcase classname="com.github.kevinsawicki.http.HttpRequestTest" name="getBufferedReader" time="0.001"/>
  <testcase classname="com.github.kevinsawicki.http.HttpRequestTest" name="getReaderWithCharset" time="0.001"/>
  <testcase classname="com.github.kevinsawicki.http.HttpRequestTest" name="getError" time="0.001"/>
  <testcase classname="com.github.kevinsawicki.http.HttpRequestTest" name="noError" time="0"/>
  <testcase classname="com.github.kevinsawicki.http.HttpRequestTest" name="serverHeader" time="0"/>
  <testcase classname="com.github.kevinsawicki.http.HttpRequestTest" name="expiresHeader" time="0.001"/>
  <testcase classname="com.github.kevinsawicki.http.HttpRequestTest" name="lastModifiedHeader" time="0.001"/>
  <testcase classname="com.github.kevinsawicki.http.HttpRequestTest" name="dateHeader" time="0.001"/>
  <testcase classname="com.github.kevinsawicki.http.HttpRequestTest" name="eTagHeader" time="0"/>
  <testcase classname="com.github.kevinsawicki.http.HttpRequestTest" name="locationHeader" time="0.001"/>
  <testcase classname="com.github.kevinsawicki.http.HttpRequestTest" name="contentEncodingHeader" time="0.001"/>
  <testcase classname="com.github.kevinsawicki.http.HttpRequestTest" name="contentTypeHeader" time="0.001"/>
  <testcase classname="com.github.kevinsawicki.http.HttpRequestTest" name="requestContentType" time="0.001"/>
  <testcase classname="com.github.kevinsawicki.http.HttpRequestTest" name="requestContentTypeNullCharset" time="0.001"/>
  <testcase classname="com.github.kevinsawicki.http.HttpRequestTest" name="requestContentTypeEmptyCharset" time="0.001"/>
  <testcase classname="com.github.kevinsawicki.http.HttpRequestTest" name="cacheControlHeader" time="0.001"/>
  <testcase classname="com.github.kevinsawicki.http.HttpRequestTest" name="headers" time="0.001"/>
  <testcase classname="com.github.kevinsawicki.http.HttpRequestTest" name="emptyHeaders" time="0.001"/>
  <testcase classname="com.github.kevinsawicki.http.HttpRequestTest" name="getAllHeaders" time="0.001"/>
  <testcase classname="com.github.kevinsawicki.http.HttpRequestTest" name="numberHeader" time="0.001"/>
  <testcase classname="com.github.kevinsawicki.http.HttpRequestTest" name="userAgentHeader" time="0"/>
  <testcase classname="com.github.kevinsawicki.http.HttpRequestTest" name="acceptHeader" time="0.001"/>
  <testcase classname="com.github.kevinsawicki.http.HttpRequestTest" name="acceptJson" time="0.001"/>
  <testcase classname="com.github.kevinsawicki.http.HttpRequestTest" name="ifNoneMatchHeader" time="0.001"/>
  <testcase classname="com.github.kevinsawicki.http.HttpRequestTest" name="acceptCharsetHeader" time="0.001"/>
  <testcase classname="com.github.kevinsawicki.http.HttpRequestTest" name="acceptEncodingHeader" time="0.001"/>
  <testcase classname="com.github.kevinsawicki.http.HttpRequestTest" name="ifModifiedSinceHeader" time="0.005"/>
  <testcase classname="com.github.kevinsawicki.http.HttpRequestTest" name="refererHeader" time="0.001"/>
  <testcase classname="com.github.kevinsawicki.http.HttpRequestTest" name="postMultipart" time="0.003"/>
  <testcase classname="com.github.kevinsawicki.http.HttpRequestTest" name="postMultipartWithContentType" time="0.001"/>
  <testcase classname="com.github.kevinsawicki.http.HttpRequestTest" name="receiveAppendable" time="0.002"/>
  <testcase classname="com.github.kevinsawicki.http.HttpRequestTest" name="receiveWriter" time="0.002"/>
  <testcase classname="com.github.kevinsawicki.http.HttpRequestTest" name="receivePrintStream" time="0.001"/>
  <testcase classname="com.github.kevinsawicki.http.HttpRequestTest" name="receiveFile" time="0.001"/>
  <testcase classname="com.github.kevinsawicki.http.HttpRequestTest" name="httpsTrust" time="0.055"/>
  <testcase classname="com.github.kevinsawicki.http.HttpRequestTest" name="httpTrust" time="0"/>
  <testcase classname="com.github.kevinsawicki.http.HttpRequestTest" name="verifierAccepts" time="0.001"/>
  <testcase classname="com.github.kevinsawicki.http.HttpRequestTest" name="singleVerifier" time="0"/>
  <testcase classname="com.github.kevinsawicki.http.HttpRequestTest" name="singleSslSocketFactory" time="0"/>
  <testcase classname="com.github.kevinsawicki.http.HttpRequestTest" name="sendErrorReadStream" time="0.001"/>
  <testcase classname="com.github.kevinsawicki.http.HttpRequestTest" name="sendErrorCloseStream" time="0.001"/>
  <testcase classname="com.github.kevinsawicki.http.HttpRequestTest" name="getToOutputCode" time="0.002"/>
  <testcase classname="com.github.kevinsawicki.http.HttpRequestTest" name="getToOutputBody" time="0.001"/>
  <testcase classname="com.github.kevinsawicki.http.HttpRequestTest" name="getToOutputBodyWithCharset" time="0.001"/>
  <testcase classname="com.github.kevinsawicki.http.HttpRequestTest" name="getGzipped" time="0.004"/>
  <testcase classname="com.github.kevinsawicki.http.HttpRequestTest" name="getNonGzippedWithUncompressEnabled" time="0.001"/>
  <testcase classname="com.github.kevinsawicki.http.HttpRequestTest" name="getEmptyHeaders" time="0.001"/>
  <testcase classname="com.github.kevinsawicki.http.HttpRequestTest" name="getSingleParameter" time="0.001"/>
  <testcase classname="com.github.kevinsawicki.http.HttpRequestTest" name="getMultipleParameters" time="0.001"/>
  <testcase classname="com.github.kevinsawicki.http.HttpRequestTest" name="getSingleParameterQuoted" time="0.001"/>
  <testcase classname="com.github.kevinsawicki.http.HttpRequestTest" name="getMultipleParametersQuoted" time="0.001"/>
  <testcase classname="com.github.kevinsawicki.http.HttpRequestTest" name="getMissingParameter" time="0.001"/>
  <testcase classname="com.github.kevinsawicki.http.HttpRequestTest" name="getParameterFromMissingHeader" time="0.001"/>
  <testcase classname="com.github.kevinsawicki.http.HttpRequestTest" name="getEmptyParameter" time="0.001"/>
  <testcase classname="com.github.kevinsawicki.http.HttpRequestTest" name="getEmptyParameters" time="0.001"/>
  <testcase classname="com.github.kevinsawicki.http.HttpRequestTest" name="getQuotedParameters" time="0.001"/>
  <testcase classname="com.github.kevinsawicki.http.HttpRequestTest" name="getMixQuotedParameters" time="0.001"/>
  <testcase classname="com.github.kevinsawicki.http.HttpRequestTest" name="missingDateHeader" time="0.001"/>
  <testcase classname="com.github.kevinsawicki.http.HttpRequestTest" name="malformedDateHeader" time="0.001"/>
  <testcase classname="com.github.kevinsawicki.http.HttpRequestTest" name="missingIntHeader" time="0.001"/>
  <testcase classname="com.github.kevinsawicki.http.HttpRequestTest" name="malformedIntHeader" time="0.001"/>
  <testcase classname="com.github.kevinsawicki.http.HttpRequestTest" name="postFormAsEntries" time="0.001"/>
  <testcase classname="com.github.kevinsawicki.http.HttpRequestTest" name="postFormEntryWithNullValue" time="0.002"/>
  <testcase classname="com.github.kevinsawicki.http.HttpRequestTest" name="postWithMappedQueryParams" time="0.004"/>
  <testcase classname="com.github.kevinsawicki.http.HttpRequestTest" name="postWithVaragsQueryParams" time="0.001"/>
  <testcase classname="com.github.kevinsawicki.http.HttpRequestTest" name="postWithEscapedMappedQueryParams" time="0.001"/>
  <testcase classname="com.github.kevinsawicki.http.HttpRequestTest" name="postWithEscapedVarargsQueryParams" time="0.001"/>
  <testcase classname="com.github.kevinsawicki.http.HttpRequestTest" name="postWithNumericQueryParams" time="0.001"/>
  <testcase classname="com.github.kevinsawicki.http.HttpRequestTest" name="getWithMappedQueryParams" time="0.001"/>
  <testcase classname="com.github.kevinsawicki.http.HttpRequestTest" name="getWithVarargsQueryParams" time="0.001"/>
  <testcase classname="com.github.kevinsawicki.http.HttpRequestTest" name="getWithEscapedMappedQueryParams" time="0.001"/>
  <testcase classname="com.github.kevinsawicki.http.HttpRequestTest" name="getWithEscapedVarargsQueryParams" time="0.002"/>
  <testcase classname="com.github.kevinsawicki.http.HttpRequestTest" name="deleteWithMappedQueryParams" time="0"/>
  <testcase classname="com.github.kevinsawicki.http.HttpRequestTest" name="deleteWithVarargsQueryParams" time="0"/>
  <testcase classname="com.github.kevinsawicki.http.HttpRequestTest" name="deleteWithEscapedMappedQueryParams" time="0.001"/>
  <testcase classname="com.github.kevinsawicki.http.HttpRequestTest" name="deleteWithEscapedVarargsQueryParams" time="0.001"/>
  <testcase classname="com.github.kevinsawicki.http.HttpRequestTest" name="putWithMappedQueryParams" time="0.001"/>
  <testcase classname="com.github.kevinsawicki.http.HttpRequestTest" name="putWithVarargsQueryParams" time="0.001"/>
  <testcase classname="com.github.kevinsawicki.http.HttpRequestTest" name="putWithEscapedMappedQueryParams" time="0.001"/>
  <testcase classname="com.github.kevinsawicki.http.HttpRequestTest" name="putWithEscapedVarargsQueryParams" time="0.001"/>
  <testcase classname="com.github.kevinsawicki.http.HttpRequestTest" name="headWithMappedQueryParams" time="0.001"/>
  <testcase classname="com.github.kevinsawicki.http.HttpRequestTest" name="headWithVaragsQueryParams" time="0.001"/>
  <testcase classname="com.github.kevinsawicki.http.HttpRequestTest" name="headWithEscapedMappedQueryParams" time="0.001"/>
  <testcase classname="com.github.kevinsawicki.http.HttpRequestTest" name="headWithEscapedVarargsQueryParams" time="0.001"/>
  <testcase classname="com.github.kevinsawicki.http.HttpRequestTest" name="appendMappedQueryParamsWithNoPath" time="0"/>
  <testcase classname="com.github.kevinsawicki.http.HttpRequestTest" name="appendVarargsQueryParmasWithNoPath" time="0"/>
  <testcase classname="com.github.kevinsawicki.http.HttpRequestTest" name="appendMappedQueryParamsWithPath" time="0.001"/>
  <testcase classname="com.github.kevinsawicki.http.HttpRequestTest" name="appendVarargsQueryParamsWithPath" time="0"/>
  <testcase classname="com.github.kevinsawicki.http.HttpRequestTest" name="appendMultipleMappedQueryParams" time="0"/>
  <testcase classname="com.github.kevinsawicki.http.HttpRequestTest" name="appendMultipleVarargsQueryParams" time="0"/>
  <testcase classname="com.github.kevinsawicki.http.HttpRequestTest" name="appendNullMappedQueryParams" time="0"/>
  <testcase classname="com.github.kevinsawicki.http.HttpRequestTest" name="appendNullVaragsQueryParams" time="0"/>
  <testcase classname="com.github.kevinsawicki.http.HttpRequestTest" name="appendEmptyMappedQueryParams" time="0"/>
  <testcase classname="com.github.kevinsawicki.http.HttpRequestTest" name="appendEmptyVarargsQueryParams" time="0"/>
  <testcase classname="com.github.kevinsawicki.http.HttpRequestTest" name="appendWithNullMappedQueryParamValues" time="0"/>
  <testcase classname="com.github.kevinsawicki.http.HttpRequestTest" name="appendWithNullVaragsQueryParamValues" time="0"/>
  <testcase classname="com.github.kevinsawicki.http.HttpRequestTest" name="appendOddNumberOfParams" time="0"/>
  <testcase classname="com.github.kevinsawicki.http.HttpRequestTest" name="appendMappedQueryParamsWithExistingQueryStart" time="0.001"/>
  <testcase classname="com.github.kevinsawicki.http.HttpRequestTest" name="appendVarargsQueryParamsWithExistingQueryStart" time="0"/>
  <testcase classname="com.github.kevinsawicki.http.HttpRequestTest" name="appendMappedQueryParamsWithExistingParams" time="0"/>
  <testcase classname="com.github.kevinsawicki.http.HttpRequestTest" name="appendWithVarargsQueryParamsWithExistingParams" time="0"/>
  <testcase classname="com.github.kevinsawicki.http.HttpRequestTest" name="appendArrayQueryParams" time="0"/>
  <testcase classname="com.github.kevinsawicki.http.HttpRequestTest" name="appendListQueryParams" time="0.001"/>
  <testcase classname="com.github.kevinsawicki.http.HttpRequestTest" name="serverErrorCode" time="0.001"/>
  <testcase classname="com.github.kevinsawicki.http.HttpRequestTest" name="badRequestCode" time="0.001"/>
  <testcase classname="com.github.kevinsawicki.http.HttpRequestTest" name="notModifiedCode" time="0.001"/>
  <testcase classname="com.github.kevinsawicki.http.HttpRequestTest" name="sendReceiveWithoutCode" time="0.001"/>
  <testcase classname="com.github.kevinsawicki.http.HttpRequestTest" name="sendHeadersWithoutCode" time="0.001"/>
  <testcase classname="com.github.kevinsawicki.http.HttpRequestTest" name="sendDateHeaderWithoutCode" time="0.001"/>
  <testcase classname="com.github.kevinsawicki.http.HttpRequestTest" name="sendIntHeaderWithoutCode" time="0.001"/>
  <testcase classname="com.github.kevinsawicki.http.HttpRequestTest" name="customConnectionFactory" time="0.001"/>
  <testcase classname="com.github.kevinsawicki.http.HttpRequestTest" name="nullConnectionFactory" time="0"/>
  <testcase classname="com.github.kevinsawicki.http.HttpRequestTest" name="streamOfEmptyOkResponse" time="0.001"/>
  <testcase classname="com.github.kevinsawicki.http.HttpRequestTest" name="bodyOfEmptyErrorResponse" time="0.001"/>
  <testcase classname="com.github.kevinsawicki.http.HttpRequestTest" name="bodyOfNonEmptyErrorResponse" time="0.001"/>
  <testcase classname="com.github.kevinsawicki.http.HttpRequestTest" name="uploadProgressSend" time="0.003"/>
  <testcase classname="com.github.kevinsawicki.http.HttpRequestTest" name="uploadProgressSendInputStream" time="0.002"/>
  <testcase classname="com.github.kevinsawicki.http.HttpRequestTest" name="uploadProgressSendByteArray" time="0.002"/>
  <testcase classname="com.github.kevinsawicki.http.HttpRequestTest" name="uploadProgressSendReader" time="0.004"/>
  <testcase classname="com.github.kevinsawicki.http.HttpRequestTest" name="nullUploadProgress" time="0.001"/>
  <testcase classname="com.github.kevinsawicki.http.HttpRequestTest" name="getHeaders" time="0.001"/>
</testsuite>