[MASTER] 21:37:05.473 [pool-2-thread-1] WARN  TestSuiteSerialization - Cannot load tests because file does not exist: /Users/Peifeng/Desktop/Study/Topics-in-Software-Engineering/GitLab/cs527/evosuite/case_study/async-http-client/client/.evosuite/evosuite-seeds/org.asynchttpclient.netty.timeout.TimeoutsHolder.seed
[MASTER] 21:37:34.891 [pool-2-thread-1] WARN  TestChromosome - Functional mock problem: org.evosuite.ga.ConstructionFailedException: Failed to add constructor for org.evosuite.runtime.mock.java.lang.MockThread due to org.evosuite.ga.ConstructionFailedException: Have no generator for class java.lang.ThreadGroup canUseFunctionalMocks=false, canBeMocked: false
[MASTER] 21:37:34.903 [pool-2-thread-1] WARN  TestChromosome - Functional mock problem: org.evosuite.ga.ConstructionFailedException: Failed to add constructor for org.evosuite.runtime.mock.java.lang.MockThread due to org.evosuite.ga.ConstructionFailedException: Have no generator for class java.lang.ThreadGroup canUseFunctionalMocks=true, canBeMocked: false
[MASTER] 21:37:43.126 [pool-2-thread-1] WARN  TestChromosome - Functional mock problem: org.evosuite.ga.ConstructionFailedException: Failed to add constructor for org.evosuite.runtime.mock.java.lang.MockThread due to org.evosuite.ga.ConstructionFailedException: Failed to add constructor for java.lang.ThreadGroup due to org.evosuite.ga.ConstructionFailedException: Have no generator for class java.lang.ThreadGroup canUseFunctionalMocks=false, canBeMocked: false
[MASTER] 21:37:52.247 [pool-2-thread-1] WARN  TestChromosome - Functional mock problem: org.evosuite.ga.ConstructionFailedException: Failed to add constructor for org.evosuite.runtime.mock.java.lang.MockThread due to org.evosuite.ga.ConstructionFailedException: Failed to add constructor for java.lang.ThreadGroup due to org.evosuite.ga.ConstructionFailedException: Have no generator for class java.lang.ThreadGroup canUseFunctionalMocks=true, canBeMocked: false
