[MASTER] 21:23:20.051 [pool-2-thread-1] WARN  TestSuiteSerialization - Cannot load tests because file does not exist: /Users/Peifeng/Desktop/Study/Topics-in-Software-Engineering/GitLab/cs527/evosuite/case_study/async-http-client/client/.evosuite/evosuite-seeds/org.asynchttpclient.handler.resumable.ResumableAsyncHandler.seed
[MASTER] 21:23:42.967 [pool-2-thread-1] WARN  TestChromosome - Functional mock problem: org.evosuite.ga.ConstructionFailedException: Failed to add constructor for org.asynchttpclient.webdav.WebDavResponse due to org.evosuite.ga.ConstructionFailedException: Failed to add constructor for org.asynchttpclient.netty.NettyResponse due to org.evosuite.ga.ConstructionFailedException: Failed to add constructor for org.asynchttpclient.netty.NettyResponseStatus due to org.evosuite.ga.ConstructionFailedException: Failed to add constructor for io.netty.handler.codec.http.DefaultFullHttpResponse due to org.evosuite.ga.ConstructionFailedException: Max recursion depth reached
[MASTER] 21:23:43.377 [pool-2-thread-1] WARN  TestChromosome - Functional mock problem: org.evosuite.ga.ConstructionFailedException: Have no generator for class org.asynchttpclient.netty.NettyResponse canUseFunctionalMocks=false, canBeMocked: true
[MASTER] 21:23:58.520 [pool-2-thread-1] WARN  TestChromosome - Functional mock problem: org.evosuite.ga.ConstructionFailedException: Failed to add constructor for org.asynchttpclient.webdav.WebDavResponse due to org.evosuite.ga.ConstructionFailedException: Failed to add constructor for org.asynchttpclient.netty.NettyResponse due to org.evosuite.ga.ConstructionFailedException: Failed to add constructor for org.asynchttpclient.netty.NettyResponseStatus due to org.evosuite.ga.ConstructionFailedException: Failed to add constructor for io.netty.handler.codec.http.DefaultHttpResponse due to org.evosuite.ga.ConstructionFailedException: Max recursion depth reached
